warning: variable does not need to be mutable
   --> src/main.rs:149:9
    |
149 |     let mut app_state = state.lock().unwrap();
    |         ----^^^^^^^^^
    |         |
    |         help: remove this `mut`
    |
    = note: `#[warn(unused_mut)]` on by default

warning: variable does not need to be mutable
   --> src/main.rs:258:9
    |
258 |     let mut app_state = state.lock().unwrap();
    |         ----^^^^^^^^^
    |         |
    |         help: remove this `mut`

warning: unused variable: `block_number`
   --> src/blockchain.rs:360:66
    |
360 |     fn process_transaction(&mut self, transaction: &Transaction, block_number: u64) {
    |                                                                  ^^^^^^^^^^^^ help: if this is intentional, prefix it with an underscore: `_block_number`
    |
    = note: `#[warn(unused_variables)]` on by default

warning: associated function `get_instance` is never used
   --> src/blockchain.rs:548:12
    |
541 | impl BlockchainState {
    | -------------------- associated function in this implementation
...
548 |     pub fn get_instance() -> Self {
    |            ^^^^^^^^^^^^
    |
    = note: `#[warn(dead_code)]` on by default

warning: `standalone_api` (bin "standalone_api") generated 4 warnings (run `cargo fix --bin "standalone_api"` to apply 2 suggestions)
    Finished `dev` profile [unoptimized + debuginfo] target(s) in 0.07s
     Running `target/debug/standalone_api`
Genesis block created
[2m2025-03-18T23:25:12.889347Z[0m [32m INFO[0m [2mstandalone_api[0m[2m:[0m API server listening on 0.0.0.0:50128
API server listening on 0.0.0.0:50128
